B 73
C 78
E 83
D 92
H 107
F 110
G 118
A 136
C 77
B 78
E 83
D 87
H 108
F 110
G 118
A 136
C 77
B 78
E 83
D 87
H 108
F 110
G 118
A 136
E 73
C 79
D 84
B 93
G 94
H 95
F 104
A 175
C 80
G 83
D 85
E 85
B 86
H 97
F 106
A 175
E 80
F 83
C 90
D 90
G 92
B 94
H 99
A 169
C 77
D 88
H 88
B 89
F 92
E 98
G 107
A 158
B 82
F 83
E 88
D 90
C 94
G 100
H 101
A 159
E 86
D 88
C 92
F 92
H 93
B 98
G 109
A 139
F 82
H 82
C 90
E 95
G 96
B 99
D 107
A 146
C 76
D 79
B 82
F 88
H 95
G 98
E 103
A 176
F 71
D 84
G 84
H 87
C 95
B 103
E 106
A 167
G 74
F 84
D 89
B 95
H 96
C 98
E 103
A 158
H 80
D 81
C 90
G 93
F 98
B 102
E 105
A 148
E 71
B 76
D 93
H 95
C 97
F 103
G 113
A 149
F 78
B 80
G 81
E 90
H 91
D 103
C 108
A 166
F 71
G 77
E 86
H 86
D 92
C 109
B 110
A 166
D 71
B 80
G 89
F 96
C 97
H 100
E 110
A 154
D 82
F 86
B 87
G 87
H 95
C 101
E 105
A 154
E 83
F 86
G 87
B 88
H 98
C 99
D 103
A 153
F 73
G 78
E 81
H 93
B 100
D 109
C 110
A 153
B 81
F 88
C 89
D 92
H 95
G 99
E 100
A 153
F 75
G 85
B 88
C 93
H 94
D 103
E 106
A 153
E 80
B 85
G 86
C 89
H 96
F 100
D 103
A 158
F 78
H 81
G 82
B 90
C 91
E 101
D 116
A 158
D 74
B 75
F 90
G 95
C 96
H 107
E 111
A 149
B 82
G 82
D 85
F 91
C 100
H 102
E 106
A 149
E 80
G 82
B 83
F 97
C 98
D 104
H 105
A 148
E 78
F 78
G 89
H 90
B 95
C 109
D 110
A 148
D 78
E 78
B 87
H 90
G 94
C 108
F 109
A 153
E 83
B 85
D 87
F 87
C 101
G 102
H 102
A 150
