IhateSMS
cccfffiiillloooppppuuuxxxxaaadddgggjjjMMMRRRRVVVZZZZBBBEEEHHHKKKnnnpppptttxxxx
fipceljkfgbsjejeiapldeokcqjfdhmkkcpdgdbfrgcjfqkafhflrdidnatxbhfgkfoermcvmcd
ldpmldkdnqbdek
c
y
w
r
f
f
e
e
i
i
c
b
u
a
q
v
VQDLLDCSDEJKEQAFKKESKFKFllpfdhjkrfifjkpfdFAKKQEHE
C
R
ccd
ccbs
ccpmeflebqcbacbacdesdep
ccdfeqfsf
cegljx
c
r
f
rbkejapjfq
eepldqfeklif
reflrdllf
cqdekkcsde
fdasefgbr
cqdekapd
eqafljeiaqeflbpfdqcejeiarideblgeflbsfigejapegetjcqdidbcs
ebpflgekaqlgeqakekeknbyblbpfcfp
fdjcrlflflpdclle
