364
23
36
32208
23
36
32208
23
36
32208
42750
72375
4056
21285
808743
66568
91920
19592
600342
12311
443976
28558
464194
129065
24389
125004
77798
211314
153165
571542
10933
12810
2339
1222742
7140
558020
72057
160043
472827
326030
205024
9945
160868
53803
87229
11807
11825
258882
95843
43727
13021
29632
28263
57604
215760
85850
371392
1210405
14520
1319669
28417
21713
1081199
84998
159194
46608
1772
613513
394655
257325
42185
59736
119217
70896
31527
11353
1362755
6775
959028
28968
