Stage #1: 0.500000 0.500000
Stage #2: 1.000000 1.000000
Stage #3: 1.500000 3.300000
Stage #4: -0.285714 0.714286
Stage #5: 0.369565 0.500000
Stage #6: -0.423810 -1.085714
Stage #7: 0.086111 -0.050000
Stage #8: 1.055556 -0.444444
Stage #9: -77.000000 -59.225389
Stage #10: -12.500000 -15.265009
Stage #11: -75.500000 -54.406937
Stage #12: -28.640539 62.401845
Stage #13: -3.771291 13.641333
Stage #14: -0.417281 -10.103046
Stage #15: 19.857961 -9.450252
Stage #16: -0.584893 -6.137703
Stage #17: 28.110059 19.693993
Stage #18: 1.290030 6.564471
Stage #19: 23.151256 -12.824428
Stage #20: 26.924607 8.135335
Stage #21: -15.391145 3.562031
