0.4000
0.5000
0.5000
0.8000
0.7510
0.5000
0.9900
0.2000
0.6000
0.2849
0.3592
0.3390
0.2042
0.9688
0.9954
0.0041
0.9942
0.0063
0.9993
0.0007
0.9990
0.0011
0.9999
0.0001
0.9998
0.0002
1.0000
0.0000
0.9999
0.0001
1.0000
0.0000
1.0000
0.0000
0.4415
0.2866
0.5177
0.4675
0.4972
0.0000
0.0000
0.5000
1.0000
1.0000
0.0120
0.1509
0.4508
0.3022
0.0595
0.2000
0.6000
0.2849
0.3592
0.3390
0.2042
0.9688
0.9954
0.0041
0.9942
0.0063
0.9993
0.0007
0.9990
0.0011
0.9999
0.0001
0.9998
0.0002
1.0000
0.0000
0.9999
0.0001
1.0000
0.0000
1.0000
0.0000
0.4415
0.2866
0.5177
0.4675
0.4972
0.0000
0.0000
0.5000
1.0000
1.0000
0.4033
0.2453
0.4111
0.7602
0.1690
0.2880
0.5968
0.4026
0.7203
0.2787
0.5023
0.4977
0.8782
0.9994
0.9999
1.0000
0.0045
0.0000
0.0000
0.0001
